aditya@pop-os:/mnt/Data/work/GitHub/Programming/Practice/bitwise$ strace ./memory 
execve("./memory", ["./memory"], 0x7ffcdee4d000 /* 69 vars */) = 0
brk(NULL)                               = 0x55dcf53bb000
arch_prctl(0x3001 /* ARCH_??? */, 0x7ffd63989410) = -1 EINVAL (Invalid argument)
access("/etc/ld.so.preload", R_OK)      = -1 ENOENT (No such file or directory)
openat(AT_FDCWD, "/etc/ld.so.cache", O_RDONLY|O_CLOEXEC) = 3
fstat(3, {st_mode=S_IFREG|0644, st_size=130299, ...}) = 0
mmap(NULL, 130299, PROT_READ, MAP_PRIVATE, 3, 0) = 0x7fc73d7e9000
close(3)                                = 0
openat(AT_FDCWD, "/lib/x86_64-linux-gnu/libc.so.6", O_RDONLY|O_CLOEXEC) = 3
read(3, "\177ELF\2\1\1\3\0\0\0\0\0\0\0\0\3\0>\0\1\0\0\0\360q\2\0\0\0\0\0"..., 832) = 832
pread64(3, "\6\0\0\0\4\0\0\0@\0\0\0\0\0\0\0@\0\0\0\0\0\0\0@\0\0\0\0\0\0\0"..., 784, 64) = 784
pread64(3, "\4\0\0\0\20\0\0\0\5\0\0\0GNU\0\2\0\0\300\4\0\0\0\3\0\0\0\0\0\0\0", 32, 848) = 32
pread64(3, "\4\0\0\0\24\0\0\0\3\0\0\0GNU\0cBR\340\305\370\2609W\242\345)q\235A\1"..., 68, 880) = 68
fstat(3, {st_mode=S_IFREG|0755, st_size=2029224, ...}) = 0
mmap(NULL, 8192, PROT_READ|PROT_WRITE, MAP_PRIVATE|MAP_ANONYMOUS, -1, 0) = 0x7fc73d7e7000
pread64(3, "\6\0\0\0\4\0\0\0@\0\0\0\0\0\0\0@\0\0\0\0\0\0\0@\0\0\0\0\0\0\0"..., 784, 64) = 784
pread64(3, "\4\0\0\0\20\0\0\0\5\0\0\0GNU\0\2\0\0\300\4\0\0\0\3\0\0\0\0\0\0\0", 32, 848) = 32
pread64(3, "\4\0\0\0\24\0\0\0\3\0\0\0GNU\0cBR\340\305\370\2609W\242\345)q\235A\1"..., 68, 880) = 68
mmap(NULL, 2036952, PROT_READ, MAP_PRIVATE|MAP_DENYWRITE, 3, 0) = 0x7fc73d5f5000
mprotect(0x7fc73d61a000, 1847296, PROT_NONE) = 0
mmap(0x7fc73d61a000, 1540096, PROT_READ|PROT_EXEC, MAP_PRIVATE|MAP_FIXED|MAP_DENYWRITE, 3, 0x25000) = 0x7fc73d61a000
mmap(0x7fc73d792000, 303104, PROT_READ, MAP_PRIVATE|MAP_FIXED|MAP_DENYWRITE, 3, 0x19d000) = 0x7fc73d792000
mmap(0x7fc73d7dd000, 24576, PROT_READ|PROT_WRITE, MAP_PRIVATE|MAP_FIXED|MAP_DENYWRITE, 3, 0x1e7000) = 0x7fc73d7dd000
mmap(0x7fc73d7e3000, 13528, PROT_READ|PROT_WRITE, MAP_PRIVATE|MAP_FIXED|MAP_ANONYMOUS, -1, 0) = 0x7fc73d7e3000
close(3)                                = 0
arch_prctl(ARCH_SET_FS, 0x7fc73d7e8540) = 0
mprotect(0x7fc73d7dd000, 12288, PROT_READ) = 0
mprotect(0x55dcf4034000, 4096, PROT_READ) = 0
mprotect(0x7fc73d836000, 4096, PROT_READ) = 0
munmap(0x7fc73d7e9000, 130299)          = 0
write(1, "BEFORE MALLOC\n", 14BEFORE MALLOC
)         = 14
brk(NULL)                               = 0x55dcf53bb000
brk(0x55dcf53dc000)                     = 0x55dcf53dc000
write(1, "AFTER MALLOC\n", 13AFTER MALLOC
)          = 13
fstat(1, {st_mode=S_IFCHR|0620, st_rdev=makedev(0x88, 0x3), ...}) = 0
write(1, "0x55dcf53bb2a0\n", 150x55dcf53bb2a0
)        = 15
fstat(0, {st_mode=S_IFCHR|0620, st_rdev=makedev(0x88, 0x3), ...}) = 0
read(0, 
"\n", 1024)                     = 1
exit_group(0)                           = ?
+++ exited with 0 +++

