info it worked if it ends with ok
verbose cli [ '/usr/bin/nodejs', '/usr/bin/npm', 'install', '-g', 'noflo' ]
info using npm@1.1.4
info using node@v0.6.19
verbose config file /home/apodila/.npmrc
verbose config file /usr/etc/npmrc
verbose config file /usr/share/npm/npmrc
verbose cache add [ 'noflo', null ]
silly cache add: name, spec, args [ undefined, 'noflo', [ 'noflo', null ] ]
verbose parsed url { pathname: 'noflo', path: 'noflo', href: 'noflo' }
verbose addNamed [ 'noflo', '' ]
verbose addNamed [ null, '' ]
silly name, range, hasData [ 'noflo', '', false ]
verbose raw, before any munging noflo
verbose url resolving [ 'https://registry.npmjs.org/', './noflo' ]
verbose url resolved https://registry.npmjs.org/noflo
verbose etag "62CHR0I63FW7B3PETEIFJ65WD"
http GET https://registry.npmjs.org/noflo
http 304 https://registry.npmjs.org/noflo
silly get cb [ 304,
silly get cb   { server: 'CouchDB/1.3.0 (Erlang OTP/R15B03)',
silly get cb     etag: '"62CHR0I63FW7B3PETEIFJ65WD"',
silly get cb     date: 'Mon, 05 Aug 2013 06:38:47 GMT',
silly get cb     'content-length': '0' } ]
verbose etag noflo from cache
silly name, range, hasData 2 [ 'noflo', '', true ]
silly versions [ 'noflo',
silly versions   [ '0.0.2',
silly versions     '0.0.3',
silly versions     '0.0.4',
silly versions     '0.0.5',
silly versions     '0.0.6',
silly versions     '0.0.7',
silly versions     '0.0.8',
silly versions     '0.0.9',
silly versions     '0.1.0',
silly versions     '0.1.1',
silly versions     '0.1.2',
silly versions     '0.1.3',
silly versions     '0.2.0',
silly versions     '0.2.1',
silly versions     '0.3.0',
silly versions     '0.3.1',
silly versions     '0.3.2',
silly versions     '0.3.3',
silly versions     '0.3.4',
silly versions     '0.4.0' ] ]
verbose bin dist [ '0.6-ares1.9.1-evundefined-openssl1.0.1c-v83.8.9.20-linux-ia32-3.8.0-26-generic',
verbose bin dist   { shasum: '4940aa4af786eac4a16d61af7b1466130f0c6e8d',
verbose bin dist     tarball: 'http://registry.npmjs.org/noflo/-/noflo-0.4.0.tgz' } ]
verbose caching /home/apodila/.npm/noflo/0.4.0/package/package.json
verbose loadDefaults noflo@0.4.0
silly resolved [ { name: 'noflo',
silly resolved     description: 'Flow-Based Programming environment for Node.js',
silly resolved     keywords: [ 'fbp', 'workflow', 'flow' ],
silly resolved     author: { name: 'Henri Bergius', email: 'henri.bergius@iki.fi' },
silly resolved     contributors: [ { name: 'Jerry Jalava' }, { name: 'Ryan Shaw' } ],
silly resolved     version: '0.4.0',
silly resolved     licenses: 
silly resolved      [ { type: 'MIT',
silly resolved          url: 'https://github.com/bergie/noflo/raw/master/LICENSE' } ],
silly resolved     engines: { node: '>=0.6.0' },
silly resolved     dependencies: 
silly resolved      { shell: '0.2.x',
silly resolved        cli: '>=0.3.7',
silly resolved        'cli-color': '>=0.2.1',
silly resolved        underscore: '>=1.3.3',
silly resolved        'read-installed': '0.0.x',
silly resolved        npmlog: '0.0.x',
silly resolved        'coffee-script': '>=1.1.0',
silly resolved        fbp: '1.x.x' },
silly resolved     devDependencies: 
silly resolved      { grunt: '~0.4.1',
silly resolved        'grunt-contrib-coffee': '~0.6.6',
silly resolved        'grunt-cli': '~0.1.7',
silly resolved        'grunt-contrib-nodeunit': '~0.1.2',
silly resolved        'grunt-coffeelint': '0.0.6',
silly resolved        'grunt-bumpup': '~0.2.0',
silly resolved        'grunt-tagrelease': '~0.2.0',
silly resolved        'grunt-exec': '~0.4.0',
silly resolved        'grunt-cafe-mocha': '~0.1.2',
silly resolved        chai: '~1.5.0',
silly resolved        mocha: '~1.9.0',
silly resolved        'grunt-mocha-phantomjs': '~0.2.2',
silly resolved        'grunt-component-build': '~0.2.7',
silly resolved        'grunt-contrib-uglify': '~0.2.0',
silly resolved        'grunt-contrib-watch': '~0.3.1',
silly resolved        'component-json': '~0.1.4',
silly resolved        'grunt-component': '~0.1.2' },
silly resolved     main: './lib/NoFlo',
silly resolved     bin: { noflo: './bin/noflo' },
silly resolved     homepage: 'http://noflojs.org/',
silly resolved     repository: { type: 'git', url: 'git://github.com/noflo/noflo.git' },
silly resolved     scripts: { test: './node_modules/.bin/grunt test' },
silly resolved     docco_husky: { output_dir: 'docs', project_name: 'NoFlo' },
silly resolved     _id: 'noflo@0.4.0',
silly resolved     optionalDependencies: {},
silly resolved     _engineSupported: true,
silly resolved     _npmVersion: '1.1.4',
silly resolved     _nodeVersion: 'v0.6.19',
silly resolved     _defaultsLoaded: true,
silly resolved     _from: 'noflo' } ]
info into /usr/local/lib noflo@0.4.0
info installOne noflo@0.4.0
verbose from cache /home/apodila/.npm/noflo/0.4.0/package/package.json
info unbuild /usr/local/lib/node_modules/noflo
verbose mkdir (expected) error ENOENT, stat '/usr/local/lib/node_modules'
verbose unpack_ uid, gid [ undefined, undefined ]
verbose unpackTarget /usr/local/lib/node_modules/noflo
ERR! Could not create /usr/local/lib/node_modules/___noflo.npm
ERR! error installing noflo@0.4.0
info unbuild /usr/local/lib/node_modules/noflo
verbose installOne cb noflo@0.4.0
ERR! Error: EACCES, mkdir '/usr/local/lib/node_modules'
ERR! 
ERR! Please try running this command again as root/Administrator.
ERR! 
ERR! System Linux 3.8.0-26-generic
ERR! command "/usr/bin/nodejs" "/usr/bin/npm" "install" "-g" "noflo"
ERR! cwd /home/apodila/C-Study
ERR! node -v v0.6.19
ERR! npm -v 1.1.4
ERR! path /usr/local/lib/node_modules
ERR! code EACCES
ERR! message EACCES, mkdir '/usr/local/lib/node_modules'
ERR! errno {}
verbose exit [ 1, true ]
